<?xml version="1.0" encoding="UTF-8"?>
<testng-results ignored="0" total="1" passed="1" failed="0" skipped="0">
  <reporter-output>
  </reporter-output>
  <suite started-at="2026-04-30T16:49:33 IST" name="Booking Dot Com" finished-at="2026-04-30T16:50:06 IST" duration-ms="32515">
    <groups>
      <group name="cucumber">
        <method signature="AbstractTestNGCucumberTests.runScenario(io.cucumber.testng.PickleWrapper,io.cucumber.testng.FeatureWrapper)[pri:0, instance:TestRunner.CucumberTestRunner@6f03482]" name="runScenario" class="io.cucumber.testng.AbstractTestNGCucumberTests"/>
      </group> <!-- cucumber -->
    </groups>
    <test started-at="2026-04-30T16:49:33 IST" name="Flight Booking" finished-at="2026-04-30T16:50:06 IST" duration-ms="32515">
      <class name="TestRunner.CucumberTestRunner">
        <test-method is-config="true" signature="setUpClass(org.testng.ITestContext)[pri:0, instance:TestRunner.CucumberTestRunner@6f03482]" started-at="2026-04-30T16:49:33 IST" name="setUpClass" finished-at="2026-04-30T16:49:34 IST" duration-ms="700" status="PASS">
          <params>
            <param index="0">
              <value>
                <![CDATA[org.testng.TestRunner@4cdb8504]]>
              </value>
            </param>
          </params>
          <reporter-output>
          </reporter-output>
        </test-method> <!-- setUpClass -->
        <test-method signature="runScenario(io.cucumber.testng.PickleWrapper,io.cucumber.testng.FeatureWrapper)[pri:0, instance:TestRunner.CucumberTestRunner@6f03482]" started-at="2026-04-30T16:49:34 IST" name="runScenario" description="Runs Cucumber Scenarios" data-provider="scenarios" finished-at="2026-04-30T16:50:06 IST" duration-ms="31721" status="PASS">
          <params>
            <param index="0">
              <value>
                <![CDATA["User searches for flights"]]>
              </value>
            </param>
            <param index="1">
              <value>
                <![CDATA["Homepage activity"]]>
              </value>
            </param>
          </params>
          <reporter-output>
          </reporter-output>
        </test-method> <!-- runScenario -->
        <test-method is-config="true" signature="tearDownClass()[pri:0, instance:TestRunner.CucumberTestRunner@6f03482]" started-at="2026-04-30T16:50:06 IST" name="tearDownClass" finished-at="2026-04-30T16:50:06 IST" duration-ms="40" status="PASS">
          <reporter-output>
          </reporter-output>
        </test-method> <!-- tearDownClass -->
      </class> <!-- TestRunner.CucumberTestRunner -->
    </test> <!-- Flight Booking -->
  </suite> <!-- Booking Dot Com -->
</testng-results>
